Lock,#Interest,DailyLimit,CreditWorthiness; /home/huent/Documents/Trang/BankAccountTP/4wise/mutated_projects/DailyLimit.Account.AOIS_7/variants/model_m_ca4_0002/src
Lock,#Interest,DailyLimit,CreditWorthiness; /home/huent/Documents/Trang/BankAccountTP/4wise/mutated_projects/DailyLimit.Account.AOIS_7/variants/model_m_ca4_0019/src
Lock,#Interest,DailyLimit,CreditWorthiness; /home/huent/Documents/Trang/BankAccountTP/4wise/mutated_projects/DailyLimit.Account.AOIS_7/variants/model_m_ca4_0027/src
#Interest,DailyLimit,Transaction,CreditWorthiness; /home/huent/Documents/Trang/BankAccountTP/4wise/mutated_projects/DailyLimit.Account.AOIS_7/variants/model_m_ca4_0002/src
Overdraft,DailyLimit,CreditWorthiness,Lock,#InterestEstimation; /home/huent/Documents/Trang/BankAccountTP/4wise/mutated_projects/DailyLimit.Account.AOIS_7/variants/model_m_ca4_0002/src
Overdraft,DailyLimit,CreditWorthiness,Lock,#InterestEstimation; /home/huent/Documents/Trang/BankAccountTP/4wise/mutated_projects/DailyLimit.Account.AOIS_7/variants/model_m_ca4_0019/src
Overdraft,DailyLimit,CreditWorthiness,Transaction,#InterestEstimation; /home/huent/Documents/Trang/BankAccountTP/4wise/mutated_projects/DailyLimit.Account.AOIS_7/variants/model_m_ca4_0002/src
#Lock,#CreditWorthiness,Overdraft; /home/huent/Documents/Trang/BankAccountTP/4wise/mutated_projects/DailyLimit.Account.AOIS_7/variants/model_m_ca4_0008/src
#Lock,#CreditWorthiness,Interest,DailyLimit; /home/huent/Documents/Trang/BankAccountTP/4wise/mutated_projects/DailyLimit.Account.AOIS_7/variants/model_m_ca4_0008/src
#Lock,DailyLimit,InterestEstimation,Overdraft; /home/huent/Documents/Trang/BankAccountTP/4wise/mutated_projects/DailyLimit.Account.AOIS_7/variants/model_m_ca4_0008/src
#Lock,#CreditWorthiness,DailyLimit,InterestEstimation; /home/huent/Documents/Trang/BankAccountTP/4wise/mutated_projects/DailyLimit.Account.AOIS_7/variants/model_m_ca4_0008/src
#Transaction,Lock,CreditWorthiness,Overdraft; /home/huent/Documents/Trang/BankAccountTP/4wise/mutated_projects/DailyLimit.Account.AOIS_7/variants/model_m_ca4_0019/src
Lock,#Interest,DailyLimit,#Transaction; /home/huent/Documents/Trang/BankAccountTP/4wise/mutated_projects/DailyLimit.Account.AOIS_7/variants/model_m_ca4_0019/src
Lock,#Interest,DailyLimit,#Transaction; /home/huent/Documents/Trang/BankAccountTP/4wise/mutated_projects/DailyLimit.Account.AOIS_7/variants/model_m_ca4_0027/src
#Transaction,Lock,#Interest,CreditWorthiness; /home/huent/Documents/Trang/BankAccountTP/4wise/mutated_projects/DailyLimit.Account.AOIS_7/variants/model_m_ca4_0019/src
#Transaction,Lock,#Interest,CreditWorthiness; /home/huent/Documents/Trang/BankAccountTP/4wise/mutated_projects/DailyLimit.Account.AOIS_7/variants/model_m_ca4_0027/src
Lock,DailyLimit,#InterestEstimation,#Transaction; /home/huent/Documents/Trang/BankAccountTP/4wise/mutated_projects/DailyLimit.Account.AOIS_7/variants/model_m_ca4_0019/src
Lock,DailyLimit,#InterestEstimation,#Transaction; /home/huent/Documents/Trang/BankAccountTP/4wise/mutated_projects/DailyLimit.Account.AOIS_7/variants/model_m_ca4_0027/src
#Transaction,Lock,#InterestEstimation,CreditWorthiness; /home/huent/Documents/Trang/BankAccountTP/4wise/mutated_projects/DailyLimit.Account.AOIS_7/variants/model_m_ca4_0019/src
#Transaction,Lock,#InterestEstimation,CreditWorthiness; /home/huent/Documents/Trang/BankAccountTP/4wise/mutated_projects/DailyLimit.Account.AOIS_7/variants/model_m_ca4_0027/src
#Overdraft,#Interest,DailyLimit,CreditWorthiness; /home/huent/Documents/Trang/BankAccountTP/4wise/mutated_projects/DailyLimit.Account.AOIS_7/variants/model_m_ca4_0027/src
#Overdraft,Lock,#Interest,#Transaction; /home/huent/Documents/Trang/BankAccountTP/4wise/mutated_projects/DailyLimit.Account.AOIS_7/variants/model_m_ca4_0027/src
#Overdraft,DailyLimit,CreditWorthiness,#Transaction,#InterestEstimation; /home/huent/Documents/Trang/BankAccountTP/4wise/mutated_projects/DailyLimit.Account.AOIS_7/variants/model_m_ca4_0027/src
